#
# There is insufficient memory for the Java Runtime Environment to continue.
# Native memory allocation (malloc) failed to allocate 1083856 bytes for Chunk::new
# Possible reasons:
#   The system is out of physical RAM or swap space
#   The process is running with CompressedOops enabled, and the Java Heap may be blocking the growth of the native heap
# Possible solutions:
#   Reduce memory load on the system
#   Increase physical memory or swap space
#   Check if swap backing store is full
#   Decrease Java heap size (-Xmx/-Xms)
#   Decrease number of Java threads
#   Decrease Java thread stack sizes (-Xss)
#   Set larger code cache with -XX:ReservedCodeCacheSize=
#   JVM is running with Unscaled Compressed Oops mode in which the Java heap is
#     placed in the first 4GB address space. The Java Heap base address is the
#     maximum limit for the native heap growth. Please use -XX:HeapBaseMinAddress
#     to set the Java Heap base and to place the Java Heap above 4GB virtual address.
# This output file may be truncated or incomplete.
#
#  Out of Memory Error (allocation.cpp:389), pid=32, tid=0x0000000000003b0c
#
# JRE version: Java(TM) SE Runtime Environment (8.0_311-b11) (build 1.8.0_311-b11)
# Java VM: Java HotSpot(TM) 64-Bit Server VM (25.311-b11 mixed mode windows-amd64 compressed oops)
# Failed to write core dump. Minidumps are not enabled by default on client versions of Windows
#

---------------  T H R E A D  ---------------

Current thread (0x00000176ebb2d000):  JavaThread "C2 CompilerThread1" daemon [_thread_in_native, id=15116, stack(0x00000023b8500000,0x00000023b8600000)]

Stack: [0x00000023b8500000,0x00000023b8600000]
Native frames: (J=compiled Java code, j=interpreted, Vv=VM code, C=native code)
V  [jvm.dll+0x32f239]
V  [jvm.dll+0x275882]
V  [jvm.dll+0x27652d]
V  [jvm.dll+0x26cf65]
V  [jvm.dll+0xd558c]
V  [jvm.dll+0xd5d8c]
V  [jvm.dll+0x453642]
V  [jvm.dll+0x48e6bd]
V  [jvm.dll+0x443301]
V  [jvm.dll+0x4404ab]
V  [jvm.dll+0x42b38b]
V  [jvm.dll+0xac22b]
V  [jvm.dll+0xaa88b]
V  [jvm.dll+0x23df22]
V  [jvm.dll+0x29253c]
C  [ucrtbase.dll+0x210b2]
C  [KERNEL32.DLL+0x17c24]
C  [ntdll.dll+0x6d721]


Current CompileTask:
C2:   8791 1625   !   4       java.net.URLClassLoader$1::run (81 bytes)


---------------  P R O C E S S  ---------------

Java Threads: ( => current thread )
  0x00000176eed3a800 JavaThread "Cache worker for file hash cache (C:\Users\King\.gradle\caches\7.4.1\fileHashes)" [_thread_blocked, id=5808, stack(0x00000023b9600000,0x00000023b9700000)]
  0x00000176eed3c800 JavaThread "File lock request listener" [_thread_in_native, id=3908, stack(0x00000023b9500000,0x00000023b9600000)]
  0x00000176eed3e800 JavaThread "Cache worker for journal cache (C:\Users\King\.gradle\caches\journal-1)" [_thread_blocked, id=10676, stack(0x00000023b9400000,0x00000023b9500000)]
  0x00000176ee8d1800 JavaThread "Daemon client event forwarder" [_thread_blocked, id=13368, stack(0x00000023b9300000,0x00000023b9400000)]
  0x00000176ee8d0800 JavaThread "Stdin handler" [_thread_blocked, id=3784, stack(0x00000023b9200000,0x00000023b9300000)]
  0x00000176ee8cb800 JavaThread "Asynchronous log dispatcher for DefaultDaemonConnection: socket connection from /127.0.0.1:56550 to /127.0.0.1:56552" [_thread_blocked, id=11932, stack(0x00000023b9100000,0x00000023b9200000)]
  0x00000176ed95a000 JavaThread "Daemon worker" [_thread_in_native, id=15288, stack(0x00000023b9000000,0x00000023b9100000)]
  0x00000176ed955800 JavaThread "Cancel handler" [_thread_blocked, id=12900, stack(0x00000023b8f00000,0x00000023b9000000)]
  0x00000176ee8a4000 JavaThread "Handler for socket connection from /127.0.0.1:56550 to /127.0.0.1:56552" [_thread_in_native, id=13788, stack(0x00000023b8e00000,0x00000023b8f00000)]
  0x00000176ee8a2800 JavaThread "Daemon" [_thread_blocked, id=3320, stack(0x00000023b8d00000,0x00000023b8e00000)]
  0x00000176ed1ec800 JavaThread "Daemon periodic checks" [_thread_blocked, id=13244, stack(0x00000023b8c00000,0x00000023b8d00000)]
  0x00000176ed8b8800 JavaThread "Incoming local TCP Connector on port 56550" [_thread_in_native, id=14436, stack(0x00000023b8b00000,0x00000023b8c00000)]
  0x00000176ee44a000 JavaThread "Daemon health stats" [_thread_blocked, id=10944, stack(0x00000023b8a00000,0x00000023b8b00000)]
  0x00000176ecee8800 JavaThread "Service Thread" daemon [_thread_blocked, id=11312, stack(0x00000023b8800000,0x00000023b8900000)]
  0x00000176ebb37000 JavaThread "C1 CompilerThread3" daemon [_thread_blocked, id=13328, stack(0x00000023b8700000,0x00000023b8800000)]
  0x00000176ebb30800 JavaThread "C2 CompilerThread2" daemon [_thread_blocked, id=7284, stack(0x00000023b8600000,0x00000023b8700000)]
=>0x00000176ebb2d000 JavaThread "C2 CompilerThread1" daemon [_thread_in_native, id=15116, stack(0x00000023b8500000,0x00000023b8600000)]
  0x00000176ebb2a800 JavaThread "C2 CompilerThread0" daemon [_thread_blocked, id=14000, stack(0x00000023b8400000,0x00000023b8500000)]
  0x00000176ebb27800 JavaThread "Attach Listener" daemon [_thread_blocked, id=3324, stack(0x00000023b8300000,0x00000023b8400000)]
  0x00000176ebb26800 JavaThread "Signal Dispatcher" daemon [_thread_blocked, id=14676, stack(0x00000023b8200000,0x00000023b8300000)]
  0x00000176eaf0c000 JavaThread "Finalizer" daemon [_thread_blocked, id=4152, stack(0x00000023b8100000,0x00000023b8200000)]
  0x00000176eaf0a000 JavaThread "Reference Handler" daemon [_thread_blocked, id=2188, stack(0x00000023b8000000,0x00000023b8100000)]
  0x00000176d85fa000 JavaThread "main" [_thread_blocked, id=5712, stack(0x00000023b7600000,0x00000023b7700000)]

Other Threads:
  0x00000176ebad2800 VMThread [stack: 0x00000023b7f00000,0x00000023b8000000] [id=14600]
  0x00000176ebbae800 WatcherThread [stack: 0x00000023b8900000,0x00000023b8a00000] [id=10492]

VM state:not at safepoint (normal execution)

VM Mutex/Monitor currently owned by a thread: None

heap address: 0x00000000e0000000, size: 512 MB, Compressed Oops mode: 32-bit
Narrow klass base: 0x0000000000000000, Narrow klass shift: 3
Compressed class space size: 1073741824 Address: 0x0000000100000000

Heap:
 PSYoungGen      total 76288K, used 48347K [0x00000000f5580000, 0x00000000faa80000, 0x0000000100000000)
  eden space 65536K, 60% used [0x00000000f5580000,0x00000000f7beedd8,0x00000000f9580000)
  from space 10752K, 83% used [0x00000000fa000000,0x00000000fa8c8108,0x00000000faa80000)
  to   space 10752K, 0% used [0x00000000f9580000,0x00000000f9580000,0x00000000fa000000)
 ParOldGen       total 175104K, used 24K [0x00000000e0000000, 0x00000000eab00000, 0x00000000f5580000)
  object space 175104K, 0% used [0x00000000e0000000,0x00000000e0006000,0x00000000eab00000)
 Metaspace       used 16368K, capacity 16936K, committed 17152K, reserved 1064960K
  class space    used 2332K, capacity 2514K, committed 2560K, reserved 1048576K

Card table byte_map: [0x00000176e9340000,0x00000176e9450000] byte_map_base: 0x00000176e8c40000

Marking Bits: (ParMarkBitMap*) 0x0000000077098030
 Begin Bits: [0x00000176e9500000, 0x00000176e9d00000)
 End Bits:   [0x00000176e9d00000, 0x00000176ea500000)

Polling page: 0x00000176d8930000

CodeCache: size=245760Kb used=5829Kb max_used=5974Kb free=239930Kb
 bounds [0x00000176d9f80000, 0x00000176da560000, 0x00000176e8f80000]
 total_blobs=2030 nmethods=1610 adapters=332
 compilation: enabled

Compilation events (10 events):
Event: 8.455 Thread 0x00000176ebb37000 1641       3       jdk.internal.org.objectweb.asm.ClassWriter::newMethodItem (91 bytes)
Event: 8.455 Thread 0x00000176ebb37000 nmethod 1641 0x00000176da529bd0 code [0x00000176da529dc0, 0x00000176da52a420]
Event: 8.455 Thread 0x00000176ebb37000 1640       3       java.util.Collections$UnmodifiableList::<init> (11 bytes)
Event: 8.455 Thread 0x00000176ebb37000 nmethod 1640 0x00000176da52a890 code [0x00000176da52aa00, 0x00000176da52ad50]
Event: 8.460 Thread 0x00000176ebb37000 1642       3       java.lang.invoke.LambdaForm$DMH/664740647::invokeStatic_LL_L (15 bytes)
Event: 8.460 Thread 0x00000176ebb37000 nmethod 1642 0x00000176da52aed0 code [0x00000176da52b060, 0x00000176da52b600]
Event: 8.460 Thread 0x00000176ebb37000 1643       3       jdk.internal.org.objectweb.asm.MethodWriter::visitTypeInsn (110 bytes)
Event: 8.461 Thread 0x00000176ebb37000 nmethod 1643 0x00000176da52b750 code [0x00000176da52b8e0, 0x00000176da52bd10]
Event: 8.461 Thread 0x00000176ebb37000 1644       1       java.lang.invoke.InnerClassLambdaMetafactory::access$300 (5 bytes)
Event: 8.461 Thread 0x00000176ebb37000 nmethod 1644 0x00000176da52bf50 code [0x00000176da52c0a0, 0x00000176da52c198]

GC Heap History (4 events):
Event: 2.046 GC heap before
{Heap before GC invocations=1 (full 0):
 PSYoungGen      total 76288K, used 65536K [0x00000000f5580000, 0x00000000faa80000, 0x0000000100000000)
  eden space 65536K, 100% used [0x00000000f5580000,0x00000000f9580000,0x00000000f9580000)
  from space 10752K, 0% used [0x00000000fa000000,0x00000000fa000000,0x00000000faa80000)
  to   space 10752K, 0% used [0x00000000f9580000,0x00000000f9580000,0x00000000fa000000)
 ParOldGen       total 175104K, used 0K [0x00000000e0000000, 0x00000000eab00000, 0x00000000f5580000)
  object space 175104K, 0% used [0x00000000e0000000,0x00000000e0000000,0x00000000eab00000)
 Metaspace       used 7475K, capacity 7744K, committed 8064K, reserved 1056768K
  class space    used 938K, capacity 1054K, committed 1152K, reserved 1048576K
Event: 2.059 GC heap after
Heap after GC invocations=1 (full 0):
 PSYoungGen      total 76288K, used 6299K [0x00000000f5580000, 0x00000000faa80000, 0x0000000100000000)
  eden space 65536K, 0% used [0x00000000f5580000,0x00000000f5580000,0x00000000f9580000)
  from space 10752K, 58% used [0x00000000f9580000,0x00000000f9ba6c20,0x00000000fa000000)
  to   space 10752K, 0% used [0x00000000fa000000,0x00000000fa000000,0x00000000faa80000)
 ParOldGen       total 175104K, used 16K [0x00000000e0000000, 0x00000000eab00000, 0x00000000f5580000)
  object space 175104K, 0% used [0x00000000e0000000,0x00000000e0004000,0x00000000eab00000)
 Metaspace       used 7475K, capacity 7744K, committed 8064K, reserved 1056768K
  class space    used 938K, capacity 1054K, committed 1152K, reserved 1048576K
}
Event: 7.846 GC heap before
{Heap before GC invocations=2 (full 0):
 PSYoungGen      total 76288K, used 71835K [0x00000000f5580000, 0x00000000faa80000, 0x0000000100000000)
  eden space 65536K, 100% used [0x00000000f5580000,0x00000000f9580000,0x00000000f9580000)
  from space 10752K, 58% used [0x00000000f9580000,0x00000000f9ba6c20,0x00000000fa000000)
  to   space 10752K, 0% used [0x00000000fa000000,0x00000000fa000000,0x00000000faa80000)
 ParOldGen       total 175104K, used 16K [0x00000000e0000000, 0x00000000eab00000, 0x00000000f5580000)
  object space 175104K, 0% used [0x00000000e0000000,0x00000000e0004000,0x00000000eab00000)
 Metaspace       used 13448K, capacity 13870K, committed 14080K, reserved 1060864K
  class space    used 1872K, capacity 1993K, committed 2048K, reserved 1048576K
Event: 7.856 GC heap after
Heap after GC invocations=2 (full 0):
 PSYoungGen      total 76288K, used 8992K [0x00000000f5580000, 0x00000000faa80000, 0x0000000100000000)
  eden space 65536K, 0% used [0x00000000f5580000,0x00000000f5580000,0x00000000f9580000)
  from space 10752K, 83% used [0x00000000fa000000,0x00000000fa8c8108,0x00000000faa80000)
  to   space 10752K, 0% used [0x00000000f9580000,0x00000000f9580000,0x00000000fa000000)
 ParOldGen       total 175104K, used 24K [0x00000000e0000000, 0x00000000eab00000, 0x00000000f5580000)
  object space 175104K, 0% used [0x00000000e0000000,0x00000000e0006000,0x00000000eab00000)
 Metaspace       used 13448K, capacity 13870K, committed 14080K, reserved 1060864K
  class space    used 1872K, capacity 1993K, committed 2048K, reserved 1048576K
}

Deoptimization events (10 events):
Event: 3.524 Thread 0x00000176d85fa000 Uncommon trap: reason=unstable_if action=reinterpret pc=0x00000176da38c56c method=java.io.WinNTFileSystem.normalize(Ljava/lang/String;II)Ljava/lang/String; @ 90
Event: 7.147 Thread 0x00000176ed95a000 Uncommon trap: reason=bimorphic action=maybe_recompile pc=0x00000176da3da124 method=java.util.HashMap.putVal(ILjava/lang/Object;Ljava/lang/Object;ZZ)Ljava/lang/Object; @ 253
Event: 7.147 Thread 0x00000176ed95a000 Uncommon trap: reason=bimorphic action=maybe_recompile pc=0x00000176da3da124 method=java.util.HashMap.putVal(ILjava/lang/Object;Ljava/lang/Object;ZZ)Ljava/lang/Object; @ 253
Event: 8.255 Thread 0x00000176ed95a000 Uncommon trap: reason=class_check action=maybe_recompile pc=0x00000176da2e9b08 method=java.util.regex.Matcher.match(II)Z @ 86
Event: 8.275 Thread 0x00000176ed95a000 Uncommon trap: reason=class_check action=maybe_recompile pc=0x00000176da2e9b08 method=java.util.regex.Matcher.match(II)Z @ 86
Event: 8.304 Thread 0x00000176ed95a000 Uncommon trap: reason=class_check action=maybe_recompile pc=0x00000176da2e9b08 method=java.util.regex.Matcher.match(II)Z @ 86
Event: 8.305 Thread 0x00000176ed95a000 Uncommon trap: reason=class_check action=maybe_recompile pc=0x00000176da132be8 method=java.util.regex.Matcher.match(II)Z @ 86
Event: 8.399 Thread 0x00000176ed95a000 Uncommon trap: reason=unstable_if action=reinterpret pc=0x00000176da147188 method=java.io.WinNTFileSystem.resolve(Ljava/lang/String;Ljava/lang/String;)Ljava/lang/String; @ 19
Event: 8.404 Thread 0x00000176ed95a000 Uncommon trap: reason=unstable_if action=reinterpret pc=0x00000176da2de324 method=java.io.File.getName()Ljava/lang/String; @ 16
Event: 8.404 Thread 0x00000176ed95a000 Uncommon trap: reason=unstable_if action=reinterpret pc=0x00000176da2d371c method=java.lang.String.substring(I)Ljava/lang/String; @ 35

Classes redefined (0 events):
No events

Internal exceptions (10 events):
Event: 0.147 Thread 0x00000176d85fa000 Exception <a 'java/lang/NoSuchFieldError': method resolution failed> (0x00000000f586a428) thrown at [C:\jenkins\workspace\8-2-build-windows-amd64-cygwin\jdk8u311\1894\hotspot\src\share\vm\prims\methodHandles.cpp, line 1169]
Event: 0.149 Thread 0x00000176d85fa000 Exception <a 'java/lang/NoSuchFieldError': method resolution failed> (0x00000000f5877828) thrown at [C:\jenkins\workspace\8-2-build-windows-amd64-cygwin\jdk8u311\1894\hotspot\src\share\vm\prims\methodHandles.cpp, line 1169]
Event: 0.345 Thread 0x00000176d85fa000 Exception <a 'java/security/PrivilegedActionException'> (0x00000000f624f8f8) thrown at [C:\jenkins\workspace\8-2-build-windows-amd64-cygwin\jdk8u311\1894\hotspot\src\share\vm\prims\jvm.cpp, line 1523]
Event: 0.345 Thread 0x00000176d85fa000 Exception <a 'java/security/PrivilegedActionException'> (0x00000000f624fb08) thrown at [C:\jenkins\workspace\8-2-build-windows-amd64-cygwin\jdk8u311\1894\hotspot\src\share\vm\prims\jvm.cpp, line 1523]
Event: 0.346 Thread 0x00000176d85fa000 Exception <a 'java/security/PrivilegedActionException'> (0x00000000f6253a18) thrown at [C:\jenkins\workspace\8-2-build-windows-amd64-cygwin\jdk8u311\1894\hotspot\src\share\vm\prims\jvm.cpp, line 1523]
Event: 0.346 Thread 0x00000176d85fa000 Exception <a 'java/security/PrivilegedActionException'> (0x00000000f6253c28) thrown at [C:\jenkins\workspace\8-2-build-windows-amd64-cygwin\jdk8u311\1894\hotspot\src\share\vm\prims\jvm.cpp, line 1523]
Event: 0.466 Thread 0x00000176d85fa000 Exception <a 'java/lang/NoClassDefFoundError': org/slf4j/impl/StaticMarkerBinder> (0x00000000f64f71f0) thrown at [C:\jenkins\workspace\8-2-build-windows-amd64-cygwin\jdk8u311\1894\hotspot\src\share\vm\classfile\systemDictionary.cpp, line 201]
Event: 3.276 Thread 0x00000176d85fa000 Exception <a 'java/lang/NoSuchMethodError': java.lang.Object.lambda$get$0(Ljava/util/function/Supplier;Ljava/lang/Object;)Ljava/lang/Object;> (0x00000000f7a0ee48) thrown at [C:\jenkins\workspace\8-2-build-windows-amd64-cygwin\jdk8u311\1894\hotspot\src\sha
Event: 6.668 Thread 0x00000176d85fa000 Exception <a 'java/io/IOException'> (0x00000000f7e6a420) thrown at [C:\jenkins\workspace\8-2-build-windows-amd64-cygwin\jdk8u311\1894\hotspot\src\share\vm\prims\jni.cpp, line 710]
Event: 7.929 Thread 0x00000176ed95a000 Exception <a 'java/lang/NoSuchMethodError': java.lang.Object.lambda$static$0(Lorg/gradle/internal/state/ModelObject;)Ljava/lang/String;> (0x00000000f590d0c0) thrown at [C:\jenkins\workspace\8-2-build-windows-amd64-cygwin\jdk8u311\1894\hotspot\src\share\vm

Events (10 events):
Event: 8.467 loading class org/apache/tools/ant/util/VectorSet done
Event: 8.468 Executing VM operation: Deoptimize
Event: 8.468 Executing VM operation: Deoptimize done
Event: 8.468 loading class org/apache/tools/ant/taskdefs/condition/Os
Event: 8.468 loading class org/apache/tools/ant/taskdefs/condition/Os done
Event: 8.469 loading class org/apache/tools/ant/taskdefs/condition/Condition
Event: 8.469 loading class org/apache/tools/ant/taskdefs/condition/Condition done
Event: 8.469 loading class org/apache/tools/ant/util/FileUtils
Event: 8.469 loading class org/apache/tools/ant/util/FileUtils done
Event: 8.470 loading class java/nio/file/attribute/PosixFilePermission


Dynamic libraries:
0x00007ff730ff0000 - 0x00007ff731037000 	C:\Program Files\Java\jdk1.8.0_311\bin\java.exe
0x00007fff82da0000 - 0x00007fff82f90000 	C:\WINDOWS\SYSTEM32\ntdll.dll
0x00007fff80f90000 - 0x00007fff81042000 	C:\WINDOWS\System32\KERNEL32.DLL
0x00007fff80a70000 - 0x00007fff80d15000 	C:\WINDOWS\System32\KERNELBASE.dll
0x00007fff81ea0000 - 0x00007fff81f43000 	C:\WINDOWS\System32\ADVAPI32.dll
0x00007fff811f0000 - 0x00007fff8128e000 	C:\WINDOWS\System32\msvcrt.dll
0x00007fff81bf0000 - 0x00007fff81c87000 	C:\WINDOWS\System32\sechost.dll
0x00007fff82220000 - 0x00007fff8233f000 	C:\WINDOWS\System32\RPCRT4.dll
0x00007fff81050000 - 0x00007fff811e4000 	C:\WINDOWS\System32\USER32.dll
0x00007fff80140000 - 0x00007fff80161000 	C:\WINDOWS\System32\win32u.dll
0x00007fff82150000 - 0x00007fff82176000 	C:\WINDOWS\System32\GDI32.dll
0x00007fff7fe10000 - 0x00007fff7ffa8000 	C:\WINDOWS\System32\gdi32full.dll
0x00007fff80db0000 - 0x00007fff80e4e000 	C:\WINDOWS\System32\msvcp_win.dll
0x00007fff7fd10000 - 0x00007fff7fe0a000 	C:\WINDOWS\System32\ucrtbase.dll
0x00007fff6d2f0000 - 0x00007fff6d574000 	C:\WINDOWS\WinSxS\amd64_microsoft.windows.common-controls_6595b64144ccf1df_6.0.18362.1556_none_9e7e372fe45e41d5\COMCTL32.dll
0x00007fff82340000 - 0x00007fff82676000 	C:\WINDOWS\System32\combase.dll
0x00007fff80d20000 - 0x00007fff80da1000 	C:\WINDOWS\System32\bcryptPrimitives.dll
0x00007fff82120000 - 0x00007fff8214e000 	C:\WINDOWS\System32\IMM32.DLL
0x00007fff7d6e0000 - 0x00007fff7d6f5000 	C:\Program Files\Java\jdk1.8.0_311\jre\bin\vcruntime140.dll
0x00007fff79220000 - 0x00007fff792bb000 	C:\Program Files\Java\jdk1.8.0_311\jre\bin\msvcp140.dll
0x00000000768b0000 - 0x0000000077110000 	C:\Program Files\Java\jdk1.8.0_311\jre\bin\server\jvm.dll
0x00007fff82680000 - 0x00007fff82688000 	C:\WINDOWS\System32\PSAPI.DLL
0x00007fff7d660000 - 0x00007fff7d684000 	C:\WINDOWS\SYSTEM32\WINMM.dll
0x00007fff79b80000 - 0x00007fff79b8a000 	C:\WINDOWS\SYSTEM32\VERSION.dll
0x00007fff7e790000 - 0x00007fff7e799000 	C:\WINDOWS\SYSTEM32\WSOCK32.dll
0x00007fff82030000 - 0x00007fff8209f000 	C:\WINDOWS\System32\WS2_32.dll
0x00007fff7d630000 - 0x00007fff7d65d000 	C:\WINDOWS\SYSTEM32\winmmbase.dll
0x00007fff800f0000 - 0x00007fff8013a000 	C:\WINDOWS\System32\cfgmgr32.dll
0x00007fff7fcf0000 - 0x00007fff7fd01000 	C:\WINDOWS\System32\kernel.appcore.dll
0x00007fff7d6b0000 - 0x00007fff7d6c0000 	C:\Program Files\Java\jdk1.8.0_311\jre\bin\verify.dll
0x00007fff791f0000 - 0x00007fff7921b000 	C:\Program Files\Java\jdk1.8.0_311\jre\bin\java.dll
0x00007fff6fb10000 - 0x00007fff6fb28000 	C:\Program Files\Java\jdk1.8.0_311\jre\bin\zip.dll
0x00007fff81500000 - 0x00007fff81be7000 	C:\WINDOWS\System32\SHELL32.dll
0x00007fff82ca0000 - 0x00007fff82d48000 	C:\WINDOWS\System32\shcore.dll
0x00007fff80190000 - 0x00007fff8090b000 	C:\WINDOWS\System32\windows.storage.dll
0x00007fff7fc60000 - 0x00007fff7fc7e000 	C:\WINDOWS\System32\profapi.dll
0x00007fff7fc80000 - 0x00007fff7fcca000 	C:\WINDOWS\System32\powrprof.dll
0x00007fff7fc50000 - 0x00007fff7fc60000 	C:\WINDOWS\System32\UMPDC.dll
0x00007fff82b00000 - 0x00007fff82b52000 	C:\WINDOWS\System32\shlwapi.dll
0x00007fff80170000 - 0x00007fff80187000 	C:\WINDOWS\System32\cryptsp.dll
0x00007fff6faf0000 - 0x00007fff6fb0c000 	C:\Program Files\Java\jdk1.8.0_311\jre\bin\net.dll
0x00007fff7f490000 - 0x00007fff7f4f7000 	C:\WINDOWS\system32\mswsock.dll
0x00007fff6fad0000 - 0x00007fff6fae3000 	C:\Program Files\Java\jdk1.8.0_311\jre\bin\nio.dll
0x00007fff79300000 - 0x00007fff79327000 	C:\Users\King\.gradle\native\e1d6ef7f7dcc3fd88c89a11ec53ec762bb8ba0a96d01ffa2cd45eb1d1d8dd5c5\windows-amd64\native-platform.dll
0x00007fff5a0c0000 - 0x00007fff5a204000 	C:\Users\King\.gradle\native\0d407fdbe67a94daf76414ababcb853783967236a71b16ec16e742cd7a986fd3\windows-amd64\native-platform-file-events.dll
0x00007fff7a440000 - 0x00007fff7a44d000 	C:\Program Files\Java\jdk1.8.0_311\jre\bin\management.dll
0x00007fff7efb0000 - 0x00007fff7efe3000 	C:\WINDOWS\system32\rsaenh.dll
0x00007fff80010000 - 0x00007fff80036000 	C:\WINDOWS\System32\bcrypt.dll
0x00007fff7fb70000 - 0x00007fff7fb95000 	C:\WINDOWS\SYSTEM32\USERENV.dll
0x00007fff7f660000 - 0x00007fff7f66c000 	C:\WINDOWS\SYSTEM32\CRYPTBASE.dll
0x00007fff7f140000 - 0x00007fff7f17a000 	C:\WINDOWS\SYSTEM32\IPHLPAPI.DLL
0x00007fff82d50000 - 0x00007fff82d58000 	C:\WINDOWS\System32\NSI.dll
0x00007fff762c0000 - 0x00007fff762d6000 	C:\WINDOWS\SYSTEM32\dhcpcsvc6.DLL
0x00007fff76420000 - 0x00007fff7643c000 	C:\WINDOWS\SYSTEM32\dhcpcsvc.DLL
0x00007fff7f1d0000 - 0x00007fff7f29b000 	C:\WINDOWS\SYSTEM32\DNSAPI.dll
0x00007fff7e570000 - 0x00007fff7e764000 	C:\WINDOWS\SYSTEM32\dbghelp.dll

VM Arguments:
jvm_args: -XX:MaxMetaspaceSize=256m -XX:+HeapDumpOnOutOfMemoryError -Xms256m -Xmx512m -Dfile.encoding=windows-1252 -Duser.country=US -Duser.language=en -Duser.variant 
java_command: org.gradle.launcher.daemon.bootstrap.GradleDaemon 7.4.1
java_class_path (initial): C:\Users\King\.gradle\wrapper\dists\gradle-7.4.1-bin\58kw26xllvsiedyf3nujyarhn\gradle-7.4.1\lib\gradle-launcher-7.4.1.jar
Launcher Type: SUN_STANDARD

Environment Variables:
JAVA_HOME=C:\Program Files\Java\jdk1.8.0_311
USERNAME=King
OS=Windows_NT
PROCESSOR_IDENTIFIER=Intel64 Family 6 Model 94 Stepping 3, GenuineIntel



---------------  S Y S T E M  ---------------

OS: Windows 10.0 , 64 bit Build 18362 (10.0.18362.1500)

CPU:total 8 (initial active 8) (4 cores per cpu, 2 threads per core) family 6 model 94 stepping 3, cmov, cx8, fxsr, mmx, sse, sse2, sse3, ssse3, sse4.1, sse4.2, popcnt, avx, avx2, aes, clmul, erms, rtm, 3dnowpref, lzcnt, ht, tsc, tscinvbit, bmi1, bmi2, adx

Memory: 4k page, physical 8253492k(800736k free), swap 14397492k(23816k free)

vm_info: Java HotSpot(TM) 64-Bit Server VM (25.311-b11) for windows-amd64 JRE (1.8.0_311-b11), built on Sep 27 2021 05:15:14 by "java_re" with MS VC++ 15.9 (VS2017)

time: Tue May 17 15:26:45 2022
timezone: SE Asia Standard Time
elapsed time: 8.799531 seconds (0d 0h 0m 8s)

